    17>D:\projects\misis2025-check\misis2025f-25-00-polevoi-d-v\prj.check\prj.check\doctest_arrayd\doctest_arrayd.cpp(3,10): error C1083: Cannot open include file: 'arrayd/arrayd.hpp': No such file or directory [D:\projects\misis2025-check\misis2025f-25-00-polevoi-d-v\build.check\prj.check\prj.check\doctest_arrayd\doctest_arrayd.vcxproj]
     9>D:\projects\misis2025-check\misis2025f-25-00-polevoi-d-v\prj.check\prj.check\doctest_stackl\doctest_stackl.cpp(7,10): error C1083: Cannot open include file: 'stackl/stackl.hpp': No such file or directory [D:\projects\misis2025-check\misis2025f-25-00-polevoi-d-v\build.check\prj.check\prj.check\doctest_stackl\doctest_stackl.vcxproj]
    11>D:\projects\misis2025-check\misis2025f-25-00-polevoi-d-v\prj.check\prj.check\doctest_queuea\doctest_queuea.cpp(7,10): error C1083: Cannot open include file: 'queuea/queuea.hpp': No such file or directory [D:\projects\misis2025-check\misis2025f-25-00-polevoi-d-v\build.check\prj.check\prj.check\doctest_queuea\doctest_queuea.vcxproj]
    16>D:\projects\misis2025-check\misis2025f-25-00-polevoi-d-v\prj.check\prj.check\doctest_arrayt\doctest_arrayt.cpp(3,10): error C1083: Cannot open include file: 'arrayt/arrayt.hpp': No such file or directory [D:\projects\misis2025-check\misis2025f-25-00-polevoi-d-v\build.check\prj.check\prj.check\doctest_arrayt\doctest_arrayt.vcxproj]
